Arguments: 
  /Users/andy/.nvm/versions/node/v15.5.0/bin/node /usr/local/Cellar/yarn/1.22.10/libexec/bin/yarn.js install

PATH: 
  /Users/andy/.nvm/versions/node/v15.5.0/bin:/Users/andy/.cargo/bin:/usr/local/bin:/usr/bin:/bin:/usr/sbin:/sbin:/usr/local/MacGPG2/bin:/Users/andy/.nvm/versions/node/v13.11.0/bin:/Users/andy/.cargo/bin:/Users/andy/.cargo/bin

Yarn version: 
  1.22.10

Node version: 
  15.5.0

Platform: 
  darwin x64

Trace: 
  Error: https://registry.yarnpkg.com/@crux%2futils: Not found
      at Request.params.callback [as _callback] (/usr/local/Cellar/yarn/1.22.10/libexec/lib/cli.js:66988:18)
      at Request.self.callback (/usr/local/Cellar/yarn/1.22.10/libexec/lib/cli.js:140749:22)
      at Request.emit (node:events:376:20)
      at Request.<anonymous> (/usr/local/Cellar/yarn/1.22.10/libexec/lib/cli.js:141721:10)
      at Request.emit (node:events:376:20)
      at IncomingMessage.<anonymous> (/usr/local/Cellar/yarn/1.22.10/libexec/lib/cli.js:141643:12)
      at Object.onceWrapper (node:events:482:28)
      at IncomingMessage.emit (node:events:388:22)
      at endReadableNT (node:internal/streams/readable:1305:12)
      at processTicksAndRejections (node:internal/process/task_queues:80:21)

npm manifest: 
  {
    "name": "dev",
    "version": "0.0.1",
    "license": "MIT",
    "scripts": {
      "start": "./node_modules/.bin/snowpack dev --polyfill-node"
    },
    "devDependencies": {
      "@snowpack/plugin-run-script": "^2.1.7",
      "@snowpack/plugin-typescript": "^1.0.2",
      "@types/snowpack-env": "^2.3.0",
      "snowpack": "^2.15.1",
      "typescript": "^4.1.3"
    },
    "dependencies": {
      "@crux/utils": "^0.0.4",
      "@crux/router": "^0.0.4",
      "lit-html": "^1.3.0"
    }
  }

yarn manifest: 
  No manifest

Lockfile: 
  No lockfile
